android/app/build/intermediates/manifest_merge_blame_file/debug/processDebugMainManifest/manifest-merger-blame-debug-report.txt
1<?xml version="1.0" encoding="utf-8"?>
2<manifest xmlns:android="http://schemas.android.com/apk/res/android"
3    package="com.trackme.app"
4    android:versionCode="1"
5    android:versionName="1.0" >
6
7    <uses-sdk
8        android:minSdkVersion="26"
9        android:targetSdkVersion="35" />
10
11    <uses-permission android:name="android.permission.INTERNET" />
11-->src/main/AndroidManifest.xml:5:5-67
11-->src/main/AndroidManifest.xml:5:22-64
12    <uses-permission android:name="android.permission.ACCESS_NETWORK_STATE" />
12-->src/main/AndroidManifest.xml:6:5-79
12-->src/main/AndroidManifest.xml:6:22-76
13    <uses-permission android:name="android.permission.ACCESS_FINE_LOCATION" />
13-->src/main/AndroidManifest.xml:7:5-79
13-->src/main/AndroidManifest.xml:7:22-76
14    <uses-permission android:name="android.permission.ACCESS_COARSE_LOCATION" />
14-->src/main/AndroidManifest.xml:8:5-81
14-->src/main/AndroidManifest.xml:8:22-78
15    <uses-permission android:name="android.permission.ACCESS_BACKGROUND_LOCATION" />
15-->src/main/AndroidManifest.xml:9:5-85
15-->src/main/AndroidManifest.xml:9:22-82
16    <uses-permission android:name="android.permission.FOREGROUND_SERVICE_LOCATION" />
16-->src/main/AndroidManifest.xml:10:5-86
16-->src/main/AndroidManifest.xml:10:22-83
17    <uses-permission android:name="android.permission.POST_NOTIFICATIONS" />
17-->src/main/AndroidManifest.xml:11:5-77
17-->src/main/AndroidManifest.xml:11:22-74
18
19    <uses-feature
19-->[org.maplibre.gl:android-sdk:11.7.0] AndroidManifest.xml:7:5-9:35
20        android:glEsVersion="0x00030000"
20-->[org.maplibre.gl:android-sdk:11.7.0] AndroidManifest.xml:8:9-41
21        android:required="true" />
21-->[org.maplibre.gl:android-sdk:11.7.0] AndroidManifest.xml:9:9-32
22    <uses-feature
22-->[org.maplibre.gl:android-sdk:11.7.0] AndroidManifest.xml:10:5-12:36
23        android:name="android.hardware.wifi"
23-->[org.maplibre.gl:android-sdk:11.7.0] AndroidManifest.xml:11:9-45
24        android:required="false" />
24-->[org.maplibre.gl:android-sdk:11.7.0] AndroidManifest.xml:12:9-33
25
26    <uses-permission android:name="android.permission.ACCESS_WIFI_STATE" />
26-->[org.maplibre.gl:android-sdk:11.7.0] AndroidManifest.xml:16:5-76
26-->[org.maplibre.gl:android-sdk:11.7.0] AndroidManifest.xml:16:22-73
27
28    <permission
28-->[androidx.core:core:1.15.0] AndroidManifest.xml:22:5-24:47
29        android:name="com.trackme.app.DYNAMIC_RECEIVER_NOT_EXPORTED_PERMISSION"
29-->[androidx.core:core:1.15.0] AndroidManifest.xml:23:9-81
30        android:protectionLevel="signature" />
30-->[androidx.core:core:1.15.0] AndroidManifest.xml:24:9-44
31
32    <uses-permission android:name="com.trackme.app.DYNAMIC_RECEIVER_NOT_EXPORTED_PERMISSION" />
32-->[androidx.core:core:1.15.0] AndroidManifest.xml:26:5-97
32-->[androidx.core:core:1.15.0] AndroidManifest.xml:26:22-94
33
34    <application
34-->src/main/AndroidManifest.xml:13:5-32:19
35        android:name="com.trackme.app.TrackMeApp"
35-->src/main/AndroidManifest.xml:14:9-35
36        android:allowBackup="true"
36-->src/main/AndroidManifest.xml:15:9-35
37        android:appComponentFactory="androidx.core.app.CoreComponentFactory"
37-->[androidx.core:core:1.15.0] AndroidManifest.xml:28:18-86
38        android:debuggable="true"
39        android:extractNativeLibs="false"
40        android:icon="@android:drawable/sym_def_app_icon"
40-->src/main/AndroidManifest.xml:16:9-58
41        android:label="Track Me"
41-->src/main/AndroidManifest.xml:17:9-33
42        android:supportsRtl="true"
42-->src/main/AndroidManifest.xml:18:9-35
43        android:testOnly="true"
44        android:theme="@style/Theme.TrackMe"
44-->src/main/AndroidManifest.xml:19:9-45
45        android:usesCleartextTraffic="true" >
45-->src/main/AndroidManifest.xml:20:9-44
46        <activity
46-->src/main/AndroidManifest.xml:23:9-31:20
47            android:name="com.trackme.app.MainActivity"
47-->src/main/AndroidManifest.xml:24:13-41
48            android:exported="true"
48-->src/main/AndroidManifest.xml:25:13-36
49            android:theme="@style/Theme.TrackMe" >
49-->src/main/AndroidManifest.xml:26:13-49
50            <intent-filter>
50-->src/main/AndroidManifest.xml:27:13-30:29
51                <action android:name="android.intent.action.MAIN" />
51-->src/main/AndroidManifest.xml:28:17-69
51-->src/main/AndroidManifest.xml:28:25-66
52
53                <category android:name="android.intent.category.LAUNCHER" />
53-->src/main/AndroidManifest.xml:29:17-77
53-->src/main/AndroidManifest.xml:29:27-74
54            </intent-filter>
55        </activity>
56        <activity
56-->[com.google.android.gms:play-services-base:18.5.0] AndroidManifest.xml:5:9-173
57            android:name="com.google.android.gms.common.api.GoogleApiActivity"
57-->[com.google.android.gms:play-services-base:18.5.0] AndroidManifest.xml:5:19-85
58            android:exported="false"
58-->[com.google.android.gms:play-services-base:18.5.0] AndroidManifest.xml:5:146-170
59            android:theme="@android:style/Theme.Translucent.NoTitleBar" />
59-->[com.google.android.gms:play-services-base:18.5.0] AndroidManifest.xml:5:86-145
60
61        <meta-data
61-->[com.google.android.gms:play-services-basement:18.4.0] AndroidManifest.xml:6:9-122
62            android:name="com.google.android.gms.version"
62-->[com.google.android.gms:play-services-basement:18.4.0] AndroidManifest.xml:6:20-65
63            android:value="@integer/google_play_services_version" />
63-->[com.google.android.gms:play-services-basement:18.4.0] AndroidManifest.xml:6:66-119
64
65        <activity
65-->[androidx.compose.ui:ui-tooling-android:1.7.6] AndroidManifest.xml:23:9-25:39
66            android:name="androidx.compose.ui.tooling.PreviewActivity"
66-->[androidx.compose.ui:ui-tooling-android:1.7.6] AndroidManifest.xml:24:13-71
67            android:exported="true" />
67-->[androidx.compose.ui:ui-tooling-android:1.7.6] AndroidManifest.xml:25:13-36
68
69        <provider
69-->[androidx.emoji2:emoji2:1.3.0] AndroidManifest.xml:24:9-32:20
70            android:name="androidx.startup.InitializationProvider"
70-->[androidx.emoji2:emoji2:1.3.0] AndroidManifest.xml:25:13-67
71            android:authorities="com.trackme.app.androidx-startup"
71-->[androidx.emoji2:emoji2:1.3.0] AndroidManifest.xml:26:13-68
72            android:exported="false" >
72-->[androidx.emoji2:emoji2:1.3.0] AndroidManifest.xml:27:13-37
73            <meta-data
73-->[androidx.emoji2:emoji2:1.3.0] AndroidManifest.xml:29:13-31:52
74                android:name="androidx.emoji2.text.EmojiCompatInitializer"
74-->[androidx.emoji2:emoji2:1.3.0] AndroidManifest.xml:30:17-75
75                android:value="androidx.startup" />
75-->[androidx.emoji2:emoji2:1.3.0] AndroidManifest.xml:31:17-49
76            <meta-data
76-->[androidx.lifecycle:lifecycle-process:2.8.7] AndroidManifest.xml:29:13-31:52
77                android:name="androidx.lifecycle.ProcessLifecycleInitializer"
77-->[androidx.lifecycle:lifecycle-process:2.8.7] AndroidManifest.xml:30:17-78
78                android:value="androidx.startup" />
78-->[androidx.lifecycle:lifecycle-process:2.8.7] AndroidManifest.xml:31:17-49
79            <meta-data
79-->[androidx.profileinstaller:profileinstaller:1.3.1] AndroidManifest.xml:29:13-31:52
80                android:name="androidx.profileinstaller.ProfileInstallerInitializer"
80-->[androidx.profileinstaller:profileinstaller:1.3.1] AndroidManifest.xml:30:17-85
81                android:value="androidx.startup" />
81-->[androidx.profileinstaller:profileinstaller:1.3.1] AndroidManifest.xml:31:17-49
82        </provider>
83
84        <receiver
84-->[androidx.profileinstaller:profileinstaller:1.3.1] AndroidManifest.xml:34:9-52:20
85            android:name="androidx.profileinstaller.ProfileInstallReceiver"
85-->[androidx.profileinstaller:profileinstaller:1.3.1] AndroidManifest.xml:35:13-76
86            android:directBootAware="false"
86-->[androidx.profileinstaller:profileinstaller:1.3.1] AndroidManifest.xml:36:13-44
87            android:enabled="true"
87-->[androidx.profileinstaller:profileinstaller:1.3.1] AndroidManifest.xml:37:13-35
88            android:exported="true"
88-->[androidx.profileinstaller:profileinstaller:1.3.1] AndroidManifest.xml:38:13-36
89            android:permission="android.permission.DUMP" >
89-->[androidx.profileinstaller:profileinstaller:1.3.1] AndroidManifest.xml:39:13-57
90            <intent-filter>
90-->[androidx.profileinstaller:profileinstaller:1.3.1] AndroidManifest.xml:40:13-42:29
91                <action android:name="androidx.profileinstaller.action.INSTALL_PROFILE" />
91-->[androidx.profileinstaller:profileinstaller:1.3.1] AndroidManifest.xml:41:17-91
91-->[androidx.profileinstaller:profileinstaller:1.3.1] AndroidManifest.xml:41:25-88
92            </intent-filter>
93            <intent-filter>
93-->[androidx.profileinstaller:profileinstaller:1.3.1] AndroidManifest.xml:43:13-45:29
94                <action android:name="androidx.profileinstaller.action.SKIP_FILE" />
94-->[androidx.profileinstaller:profileinstaller:1.3.1] AndroidManifest.xml:44:17-85
94-->[androidx.profileinstaller:profileinstaller:1.3.1] AndroidManifest.xml:44:25-82
95            </intent-filter>
96            <intent-filter>
96-->[androidx.profileinstaller:profileinstaller:1.3.1] AndroidManifest.xml:46:13-48:29
97                <action android:name="androidx.profileinstaller.action.SAVE_PROFILE" />
97-->[androidx.profileinstaller:profileinstaller:1.3.1] AndroidManifest.xml:47:17-88
97-->[androidx.profileinstaller:profileinstaller:1.3.1] AndroidManifest.xml:47:25-85
98            </intent-filter>
99            <intent-filter>
99-->[androidx.profileinstaller:profileinstaller:1.3.1] AndroidManifest.xml:49:13-51:29
100                <action android:name="androidx.profileinstaller.action.BENCHMARK_OPERATION" />
100-->[androidx.profileinstaller:profileinstaller:1.3.1] AndroidManifest.xml:50:17-95
100-->[androidx.profileinstaller:profileinstaller:1.3.1] AndroidManifest.xml:50:25-92
101            </intent-filter>
102        </receiver>
103    </application>
104
105</manifest>